<?xml version="1.0" encoding="UTF-8"?>
<!-- Generated by org.testng.reporters.JUnitXMLReporter -->
<testsuite ignored="0" hostname="Alaa" failures="1" tests="1" name="Login_happyTestCases" time="14.098" errors="0" timestamp="2025-05-10T14:02:44 EEST">
  <testcase classname="tests.LoginTests_happyScenario" name="testLogin_CorrectEmailAndPassword" time="0.087">
    <failure type="java.lang.AssertionError" message="expected [rgb(255, 165, 0)] but found [rgba(255, 165, 0, 1)]">
      <![CDATA[java.lang.AssertionError: expected [rgb(255, 165, 0)] but found [rgba(255, 165, 0, 1)]
at tests.LoginTests_happyScenario.testLogin_CorrectEmailAndPassword(LoginTests_happyScenario.java:16)
at java.base/java.util.ArrayList.forEach(ArrayList.java:1597)
... Removed 31 stack frames]]>
    </failure>
  </testcase> <!-- testLogin_CorrectEmailAndPassword -->
</testsuite> <!-- Login_happyTestCases -->
