<?xml version="1.0" encoding="UTF-8"?>
<!-- Generated by org.testng.reporters.JUnitXMLReporter -->
<testsuite ignored="0" hostname="Alaa" failures="1" tests="2" name="Login_negativeTestCases" time="19.115" errors="0" timestamp="2025-05-10T14:03:04 EEST">
  <testcase classname="tests.Login_NegativeScenario" name="testLogin_InCorrectEmail" time="0.087">
    <failure type="java.lang.AssertionError" message="expected [rgb(255, 165, 0)] but found [rgba(255, 165, 0, 1)]">
      <![CDATA[java.lang.AssertionError: expected [rgb(255, 165, 0)] but found [rgba(255, 165, 0, 1)]
at tests.Login_NegativeScenario.testLogin_InCorrectEmail(Login_NegativeScenario.java:14)
at java.base/java.util.ArrayList.forEach(ArrayList.java:1597)
... Removed 31 stack frames]]>
    </failure>
  </testcase> <!-- testLogin_InCorrectEmail -->
  <testcase classname="tests.Login_NegativeScenario" name="testLogin_CorrectEmailandNotCorrectPassword" time="8.654"/>
</testsuite> <!-- Login_negativeTestCases -->
